# JRE version: OpenJDK Runtime Environment Temurin-21.0.9+10 (21.0.9+10) (build 21.0.9+10-LTS)
# Java VM: OpenJDK 64-Bit Server VM Temurin-21.0.9+10 (21.0.9+10-LTS, mixed mode, sharing, tiered, compressed oops, compressed class ptrs, parallel gc, windows-amd64)
GC Precious Log:
 CardTable entry size: 512
 CPUs: 12 total, 12 available
 Memory: 15773M
 Large Page Support: Disabled
 NUMA Support: Disabled
 Compressed Oops: Enabled (32-bit)
 Alignments: Space 512K, Generation 512K, Heap 2M
 Heap Min Capacity: 100M
 Heap Initial Capacity: 100M
 Heap Max Capacity: 2G
 Pre-touch: Disabled
 Parallel Workers: 10
Heap:
 PSYoungGen      total 5120K, used 2868K [0x00000000d5580000, 0x00000000d5d80000, 0x0000000100000000)
  eden space 3584K, 72% used [0x00000000d5580000,0x00000000d580d2b8,0x00000000d5900000)
  from space 1536K, 16% used [0x00000000d5a80000,0x00000000d5ac0000,0x00000000d5c00000)
  to   space 512K, 0% used [0x00000000d5d00000,0x00000000d5d00000,0x00000000d5d80000)
 ParOldGen       total 281600K, used 268801K [0x0000000080000000, 0x0000000091300000, 0x00000000d5580000)
  object space 281600K, 95% used [0x0000000080000000,0x00000000906807b8,0x0000000091300000)
 Metaspace       used 89870K, committed 91712K, reserved 1179648K
  class space    used 9178K, committed 9984K, reserved 1048576K
GC Heap History (20 events):
Event: 1846.256 GC heap before
{Heap before GC invocations=3412 (full 6):
 PSYoungGen      total 4096K, used 4095K [0x00000000d5580000, 0x00000000d5b00000, 0x0000000100000000)
  eden space 3584K, 99% used [0x00000000d5580000,0x00000000d58ffff0,0x00000000d5900000)
  from space 512K, 100% used [0x00000000d5900000,0x00000000d5980000,0x00000000d5980000)
  to   space 1024K, 0% used [0x00000000d5a00000,0x00000000d5a00000,0x00000000d5b00000)
 ParOldGen       total 281600K, used 257455K [0x0000000080000000, 0x0000000091300000, 0x00000000d5580000)
  object space 281600K, 91% used [0x0000000080000000,0x000000008fb6bdc8,0x0000000091300000)
 Metaspace       used 89831K, committed 91712K, reserved 1179648K
  class space    used 9178K, committed 9984K, reserved 1048576K
}
Event: 1846.260 GC heap after
{Heap after GC invocations=3412 (full 6):
 PSYoungGen      total 4608K, used 768K [0x00000000d5580000, 0x00000000d5b00000, 0x0000000100000000)
  eden space 3584K, 0% used [0x00000000d5580000,0x00000000d5580000,0x00000000d5900000)
  from space 1024K, 75% used [0x00000000d5a00000,0x00000000d5ac0000,0x00000000d5b00000)
  to   space 1024K, 0% used [0x00000000d5900000,0x00000000d5900000,0x00000000d5a00000)
 ParOldGen       total 281600K, used 257812K [0x0000000080000000, 0x0000000091300000, 0x00000000d5580000)
  object space 281600K, 91% used [0x0000000080000000,0x000000008fbc5258,0x0000000091300000)
 Metaspace       used 89831K, committed 91712K, reserved 1179648K
  class space    used 9178K, committed 9984K, reserved 1048576K
}
Event: 1846.575 GC heap before
{Heap before GC invocations=3413 (full 6):
 PSYoungGen      total 4608K, used 4352K [0x00000000d5580000, 0x00000000d5b00000, 0x0000000100000000)
  eden space 3584K, 100% used [0x00000000d5580000,0x00000000d5900000,0x00000000d5900000)
  from space 1024K, 75% used [0x00000000d5a00000,0x00000000d5ac0000,0x00000000d5b00000)
  to   space 1024K, 0% used [0x00000000d5900000,0x00000000d5900000,0x00000000d5a00000)
 ParOldGen       total 281600K, used 257812K [0x0000000080000000, 0x0000000091300000, 0x00000000d5580000)
  object space 281600K, 91% used [0x0000000080000000,0x000000008fbc5258,0x0000000091300000)
 Metaspace       used 89831K, committed 91712K, reserved 1179648K
  class space    used 9178K, committed 9984K, reserved 1048576K
}
Event: 1846.577 GC heap after
{Heap after GC invocations=3413 (full 6):
 PSYoungGen      total 4608K, used 576K [0x00000000d5580000, 0x00000000d5b00000, 0x0000000100000000)
  eden space 3584K, 0% used [0x00000000d5580000,0x00000000d5580000,0x00000000d5900000)
  from space 1024K, 56% used [0x00000000d5900000,0x00000000d5990000,0x00000000d5a00000)
  to   space 1024K, 0% used [0x00000000d5a00000,0x00000000d5a00000,0x00000000d5b00000)
 ParOldGen       total 281600K, used 258076K [0x0000000080000000, 0x0000000091300000, 0x00000000d5580000)
  object space 281600K, 91% used [0x0000000080000000,0x000000008fc07258,0x0000000091300000)
 Metaspace       used 89831K, committed 91712K, reserved 1179648K
  class space    used 9178K, committed 9984K, reserved 1048576K
}
Event: 1846.983 GC heap before
{Heap before GC invocations=3414 (full 6):
 PSYoungGen      total 4608K, used 4160K [0x00000000d5580000, 0x00000000d5b00000, 0x0000000100000000)
  eden space 3584K, 100% used [0x00000000d5580000,0x00000000d5900000,0x00000000d5900000)
  from space 1024K, 56% used [0x00000000d5900000,0x00000000d5990000,0x00000000d5a00000)
  to   space 1024K, 0% used [0x00000000d5a00000,0x00000000d5a00000,0x00000000d5b00000)
 ParOldGen       total 281600K, used 258076K [0x0000000080000000, 0x0000000091300000, 0x00000000d5580000)
  object space 281600K, 91% used [0x0000000080000000,0x000000008fc07258,0x0000000091300000)
 Metaspace       used 89831K, committed 91712K, reserved 1179648K
  class space    used 9178K, committed 9984K, reserved 1048576K
}
Event: 1846.986 GC heap after
{Heap after GC invocations=3414 (full 6):
 PSYoungGen      total 4608K, used 640K [0x00000000d5580000, 0x00000000d5b00000, 0x0000000100000000)
  eden space 3584K, 0% used [0x00000000d5580000,0x00000000d5580000,0x00000000d5900000)
  from space 1024K, 62% used [0x00000000d5a00000,0x00000000d5aa0000,0x00000000d5b00000)
  to   space 1024K, 0% used [0x00000000d5900000,0x00000000d5900000,0x00000000d5a00000)
 ParOldGen       total 281600K, used 258100K [0x0000000080000000, 0x0000000091300000, 0x00000000d5580000)
  object space 281600K, 91% used [0x0000000080000000,0x000000008fc0d258,0x0000000091300000)
 Metaspace       used 89831K, committed 91712K, reserved 1179648K
  class space    used 9178K, committed 9984K, reserved 1048576K
}
Event: 1847.162 GC heap before
{Heap before GC invocations=3415 (full 6):
 PSYoungGen      total 4608K, used 4224K [0x00000000d5580000, 0x00000000d5b00000, 0x0000000100000000)
  eden space 3584K, 100% used [0x00000000d5580000,0x00000000d5900000,0x00000000d5900000)
  from space 1024K, 62% used [0x00000000d5a00000,0x00000000d5aa0000,0x00000000d5b00000)
  to   space 1024K, 0% used [0x00000000d5900000,0x00000000d5900000,0x00000000d5a00000)
 ParOldGen       total 281600K, used 258100K [0x0000000080000000, 0x0000000091300000, 0x00000000d5580000)
  object space 281600K, 91% used [0x0000000080000000,0x000000008fc0d258,0x0000000091300000)
 Metaspace       used 89831K, committed 91712K, reserved 1179648K
  class space    used 9178K, committed 9984K, reserved 1048576K
}
Event: 1847.164 GC heap after
{Heap after GC invocations=3415 (full 6):
 PSYoungGen      total 4608K, used 352K [0x00000000d5580000, 0x00000000d5a80000, 0x0000000100000000)
  eden space 3584K, 0% used [0x00000000d5580000,0x00000000d5580000,0x00000000d5900000)
  from space 1024K, 34% used [0x00000000d5900000,0x00000000d5958000,0x00000000d5a00000)
  to   space 512K, 0% used [0x00000000d5a00000,0x00000000d5a00000,0x00000000d5a80000)
 ParOldGen       total 281600K, used 258553K [0x0000000080000000, 0x0000000091300000, 0x00000000d5580000)
  object space 281600K, 91% used [0x0000000080000000,0x000000008fc7e6e8,0x0000000091300000)
 Metaspace       used 89831K, committed 91712K, reserved 1179648K
  class space    used 9178K, committed 9984K, reserved 1048576K
}
Event: 1847.827 GC heap before
{Heap before GC invocations=3416 (full 6):
 PSYoungGen      total 4608K, used 3828K [0x00000000d5580000, 0x00000000d5a80000, 0x0000000100000000)
  eden space 3584K, 96% used [0x00000000d5580000,0x00000000d58e5170,0x00000000d5900000)
  from space 1024K, 34% used [0x00000000d5900000,0x00000000d5958000,0x00000000d5a00000)
  to   space 512K, 0% used [0x00000000d5a00000,0x00000000d5a00000,0x00000000d5a80000)
 ParOldGen       total 281600K, used 258553K [0x0000000080000000, 0x0000000091300000, 0x00000000d5580000)
  object space 281600K, 91% used [0x0000000080000000,0x000000008fc7e6e8,0x0000000091300000)
 Metaspace       used 89831K, committed 91712K, reserved 1179648K
  class space    used 9178K, committed 9984K, reserved 1048576K
}
Event: 1847.831 GC heap after
{Heap after GC invocations=3416 (full 6):
 PSYoungGen      total 4096K, used 500K [0x00000000d5580000, 0x00000000d5b00000, 0x0000000100000000)
  eden space 3584K, 0% used [0x00000000d5580000,0x00000000d5580000,0x00000000d5900000)
  from space 512K, 97% used [0x00000000d5a00000,0x00000000d5a7d2e8,0x00000000d5a80000)
  to   space 1024K, 0% used [0x00000000d5900000,0x00000000d5900000,0x00000000d5a00000)
 ParOldGen       total 281600K, used 258737K [0x0000000080000000, 0x0000000091300000, 0x00000000d5580000)
  object space 281600K, 91% used [0x0000000080000000,0x000000008fcac6e8,0x0000000091300000)
 Metaspace       used 89831K, committed 91712K, reserved 1179648K
  class space    used 9178K, committed 9984K, reserved 1048576K
}
Event: 1847.845 GC heap before
{Heap before GC invocations=3417 (full 6):
 PSYoungGen      total 4096K, used 4084K [0x00000000d5580000, 0x00000000d5b00000, 0x0000000100000000)
  eden space 3584K, 100% used [0x00000000d5580000,0x00000000d5900000,0x00000000d5900000)
  from space 512K, 97% used [0x00000000d5a00000,0x00000000d5a7d2e8,0x00000000d5a80000)
  to   space 1024K, 0% used [0x00000000d5900000,0x00000000d5900000,0x00000000d5a00000)
 ParOldGen       total 281600K, used 258737K [0x0000000080000000, 0x0000000091300000, 0x00000000d5580000)
  object space 281600K, 91% used [0x0000000080000000,0x000000008fcac6e8,0x0000000091300000)
 Metaspace       used 89831K, committed 91712K, reserved 1179648K
  class space    used 9178K, committed 9984K, reserved 1048576K
}
Event: 1847.849 GC heap after
{Heap after GC invocations=3417 (full 6):
 PSYoungGen      total 4608K, used 1012K [0x00000000d5580000, 0x00000000d6200000, 0x0000000100000000)
  eden space 3584K, 0% used [0x00000000d5580000,0x00000000d5580000,0x00000000d5900000)
  from space 1024K, 98% used [0x00000000d5900000,0x00000000d59fd2e8,0x00000000d5a00000)
  to   space 4608K, 0% used [0x00000000d5d80000,0x00000000d5d80000,0x00000000d6200000)
 ParOldGen       total 281600K, used 261526K [0x0000000080000000, 0x0000000091300000, 0x00000000d5580000)
  object space 281600K, 92% used [0x0000000080000000,0x000000008ff659e0,0x0000000091300000)
 Metaspace       used 89831K, committed 91712K, reserved 1179648K
  class space    used 9178K, committed 9984K, reserved 1048576K
}
Event: 1847.870 GC heap before
{Heap before GC invocations=3418 (full 6):
 PSYoungGen      total 4608K, used 4596K [0x00000000d5580000, 0x00000000d6200000, 0x0000000100000000)
  eden space 3584K, 100% used [0x00000000d5580000,0x00000000d5900000,0x00000000d5900000)
  from space 1024K, 98% used [0x00000000d5900000,0x00000000d59fd2e8,0x00000000d5a00000)
  to   space 4608K, 0% used [0x00000000d5d80000,0x00000000d5d80000,0x00000000d6200000)
 ParOldGen       total 281600K, used 261526K [0x0000000080000000, 0x0000000091300000, 0x00000000d5580000)
  object space 281600K, 92% used [0x0000000080000000,0x000000008ff659e0,0x0000000091300000)
 Metaspace       used 89831K, committed 91712K, reserved 1179648K
  class space    used 9178K, committed 9984K, reserved 1048576K
}
Event: 1847.876 GC heap after
{Heap after GC invocations=3418 (full 6):
 PSYoungGen      total 6656K, used 3040K [0x00000000d5580000, 0x00000000d6080000, 0x0000000100000000)
  eden space 3584K, 0% used [0x00000000d5580000,0x00000000d5580000,0x00000000d5900000)
  from space 3072K, 98% used [0x00000000d5d80000,0x00000000d6078000,0x00000000d6080000)
  to   space 3584K, 0% used [0x00000000d5980000,0x00000000d5980000,0x00000000d5d00000)
 ParOldGen       total 281600K, used 262539K [0x0000000080000000, 0x0000000091300000, 0x00000000d5580000)
  object space 281600K, 93% used [0x0000000080000000,0x0000000090062cc8,0x0000000091300000)
 Metaspace       used 89831K, committed 91712K, reserved 1179648K
  class space    used 9178K, committed 9984K, reserved 1048576K
}
Event: 1847.915 GC heap before
{Heap before GC invocations=3419 (full 6):
 PSYoungGen      total 6656K, used 6623K [0x00000000d5580000, 0x00000000d6080000, 0x0000000100000000)
  eden space 3584K, 99% used [0x00000000d5580000,0x00000000d58ffec8,0x00000000d5900000)
  from space 3072K, 98% used [0x00000000d5d80000,0x00000000d6078000,0x00000000d6080000)
  to   space 3584K, 0% used [0x00000000d5980000,0x00000000d5980000,0x00000000d5d00000)
 ParOldGen       total 281600K, used 262539K [0x0000000080000000, 0x0000000091300000, 0x00000000d5580000)
  object space 281600K, 93% used [0x0000000080000000,0x0000000090062cc8,0x0000000091300000)
 Metaspace       used 89831K, committed 91712K, reserved 1179648K
  class space    used 9178K, committed 9984K, reserved 1048576K
}
Event: 1847.920 GC heap after
{Heap after GC invocations=3419 (full 6):
 PSYoungGen      total 7168K, used 3570K [0x00000000d5580000, 0x00000000d6100000, 0x0000000100000000)
  eden space 3584K, 0% used [0x00000000d5580000,0x00000000d5580000,0x00000000d5900000)
  from space 3584K, 99% used [0x00000000d5980000,0x00000000d5cfcaf0,0x00000000d5d00000)
  to   space 4096K, 0% used [0x00000000d5d00000,0x00000000d5d00000,0x00000000d6100000)
 ParOldGen       total 281600K, used 265467K [0x0000000080000000, 0x0000000091300000, 0x00000000d5580000)
  object space 281600K, 94% used [0x0000000080000000,0x000000009033ecc8,0x0000000091300000)
 Metaspace       used 89831K, committed 91712K, reserved 1179648K
  class space    used 9178K, committed 9984K, reserved 1048576K
}
Event: 1848.452 GC heap before
{Heap before GC invocations=3420 (full 6):
 PSYoungGen      total 7168K, used 7154K [0x00000000d5580000, 0x00000000d6100000, 0x0000000100000000)
  eden space 3584K, 100% used [0x00000000d5580000,0x00000000d5900000,0x00000000d5900000)
  from space 3584K, 99% used [0x00000000d5980000,0x00000000d5cfcaf0,0x00000000d5d00000)
  to   space 4096K, 0% used [0x00000000d5d00000,0x00000000d5d00000,0x00000000d6100000)
 ParOldGen       total 281600K, used 265467K [0x0000000080000000, 0x0000000091300000, 0x00000000d5580000)
  object space 281600K, 94% used [0x0000000080000000,0x000000009033ecc8,0x0000000091300000)
 Metaspace       used 89831K, committed 91712K, reserved 1179648K
  class space    used 9178K, committed 9984K, reserved 1048576K
}
Event: 1848.458 GC heap after
{Heap after GC invocations=3420 (full 6):
 PSYoungGen      total 4096K, used 224K [0x00000000d5580000, 0x00000000d5d80000, 0x0000000100000000)
  eden space 3584K, 0% used [0x00000000d5580000,0x00000000d5580000,0x00000000d5900000)
  from space 512K, 43% used [0x00000000d5d00000,0x00000000d5d38000,0x00000000d5d80000)
  to   space 1536K, 0% used [0x00000000d5a80000,0x00000000d5a80000,0x00000000d5c00000)
 ParOldGen       total 281600K, used 268713K [0x0000000080000000, 0x0000000091300000, 0x00000000d5580000)
  object space 281600K, 95% used [0x0000000080000000,0x000000009066a7b8,0x0000000091300000)
 Metaspace       used 89831K, committed 91712K, reserved 1179648K
  class space    used 9178K, committed 9984K, reserved 1048576K
}
Event: 8361.799 GC heap before
{Heap before GC invocations=3421 (full 6):
 PSYoungGen      total 4096K, used 3808K [0x00000000d5580000, 0x00000000d5d80000, 0x0000000100000000)
  eden space 3584K, 100% used [0x00000000d5580000,0x00000000d5900000,0x00000000d5900000)
  from space 512K, 43% used [0x00000000d5d00000,0x00000000d5d38000,0x00000000d5d80000)
  to   space 1536K, 0% used [0x00000000d5a80000,0x00000000d5a80000,0x00000000d5c00000)
 ParOldGen       total 281600K, used 268713K [0x0000000080000000, 0x0000000091300000, 0x00000000d5580000)
  object space 281600K, 95% used [0x0000000080000000,0x000000009066a7b8,0x0000000091300000)
 Metaspace       used 89836K, committed 91712K, reserved 1179648K
  class space    used 9178K, committed 9984K, reserved 1048576K
}
Event: 8361.801 GC heap after
{Heap after GC invocations=3421 (full 6):
 PSYoungGen      total 5120K, used 256K [0x00000000d5580000, 0x00000000d5d80000, 0x0000000100000000)
  eden space 3584K, 0% used [0x00000000d5580000,0x00000000d5580000,0x00000000d5900000)
  from space 1536K, 16% used [0x00000000d5a80000,0x00000000d5ac0000,0x00000000d5c00000)
  to   space 512K, 0% used [0x00000000d5d00000,0x00000000d5d00000,0x00000000d5d80000)
 ParOldGen       total 281600K, used 268801K [0x0000000080000000, 0x0000000091300000, 0x00000000d5580000)
  object space 281600K, 95% used [0x0000000080000000,0x00000000906807b8,0x0000000091300000)
 Metaspace       used 89836K, committed 91712K, reserved 1179648K
  class space    used 9178K, committed 9984K, reserved 1048576K
}

